1 10 20
100 200 125
201 210 89
900 1000 174
1 1 1
10 1 20
1 2 2
2 1 2
8488 8558 203
4826 4869 166
9286 9385 198
7257 7213 164
634 576 132
555 488 142
923 868 179
6152 6227 262
2308 2261 152
2367 2355 121
514 605 137
1673 1681 136
3963 3999 189
7319 7248 195
1923 1999 175
8160 8122 190
2390 2402 165
9508 9563 198
8083 8165 190
3309 3306 93
6721 6811 182
4483 4385 184
2451 2505 209
8552 8542 172
2323 2225 183
1486 1533 154
313 321 131
5585 5675 205
3300 3262 137
7468 7430 164
8152 8147 159
2620 2549 178
8370 8438 203
5635 5607 174
4085 4151 189
1788 1730 180
6360 6302 200
3297 3199 168
1065 966 169
3320 3372 181
9161 9201 185
8845 8749 216
7823 7811 133
9722 9642 185
8434 8391 203
9843 9914 242
8048 8024 190
2724 2671 160
9784 9757 180
9620 9672 185
1269 1353 177
9696 9654 185
3341 3268 181
9240 9150 229
4844 4846 73
2529 2481 178
4240 4301 202
2458 2418 165
5505 5441 192
6547 6527 169
9822 9828 136
3755 3836 176
9938 10022 211
6370 6426 200
4941 4861 210
2264 2330 183
3133 3127 155
7307 7370 195
1621 1573 167
600 592 119
8118 8206 190
5120 5143 148
3719 3738 132
6594 6603 138
3199 3213 168
649 702 145
4144 4145 127
5765 5847 218
7365 7465 239
4157 4199 158
3439 3481 150
9170 9204 185
3428 3408 150
5012 5040 135
1368 1398 159
5831 5849 218
1108 1106 138
4635 4596 153
2615 2674 191
6204 6215 156
4418 4418 78
8889 8789 185
3885 3971 189
1828 1830 131
6391 6339 200
7219 7141 195
2880 2904 142
7169 7161 195
8137 8156 159
7172 7098 195
